0 info it worked if it ends with ok
1 verbose cli [ '/home/ubuntu/.nvm/v0.10.46/bin/node',
1 verbose cli   '/home/ubuntu/.nvm/v0.10.46/bin/npm',
1 verbose cli   'install' ]
2 info using npm@2.15.1
3 info using node@v0.10.46
4 verbose readDependencies loading dependencies from /home/ubuntu/workspace/package.json
5 error install Couldn't read dependencies
6 verbose stack Error: ENOENT, open '/home/ubuntu/workspace/package.json'
7 verbose cwd /home/ubuntu/workspace
8 error Linux 4.2.0-c9
9 error argv "/home/ubuntu/.nvm/v0.10.46/bin/node" "/home/ubuntu/.nvm/v0.10.46/bin/npm" "install"
10 error node v0.10.46
11 error npm  v2.15.1
12 error path /home/ubuntu/workspace/package.json
13 error code ENOPACKAGEJSON
14 error errno 34
15 error package.json ENOENT, open '/home/ubuntu/workspace/package.json'
15 error package.json This is most likely not a problem with npm itself.
15 error package.json npm can't find a package.json file in your current directory.
16 verbose exit [ 34, true ]
